<?xml version="1.0" encoding="UTF-8"?>
<testng-results ignored="0" total="1" passed="1" failed="0" skipped="0">
  <reporter-output>
  </reporter-output>
  <suite started-at="2023-08-09T17:55:54 IST" name="Surefire suite" finished-at="2023-08-09T17:56:15 IST" duration-ms="20406">
    <groups>
      <group name="cucumber">
        <method signature="AbstractTestNGCucumberTests.runScenario(io.cucumber.testng.PickleWrapper,io.cucumber.testng.FeatureWrapper)[pri:0, instance:BDD.Cucumber.TestRunner@6cd28fa7]" name="runScenario" class="io.cucumber.testng.AbstractTestNGCucumberTests"/>
      </group> <!-- cucumber -->
    </groups>
    <test started-at="2023-08-09T17:55:54 IST" name="Surefire test" finished-at="2023-08-09T17:56:15 IST" duration-ms="20406">
      <class name="BDD.Cucumber.TestRunner">
        <test-method is-config="true" signature="setUpClass(org.testng.ITestContext)[pri:0, instance:BDD.Cucumber.TestRunner@6cd28fa7]" started-at="2023-08-09T17:55:54 IST" name="setUpClass" finished-at="2023-08-09T17:55:56 IST" duration-ms="1358" status="PASS">
          <params>
            <param index="0">
              <value>
                <![CDATA[org.testng.TestRunner@57ce2898]]>
              </value>
            </param>
          </params>
          <reporter-output>
          </reporter-output>
        </test-method> <!-- setUpClass -->
        <test-method signature="runScenario(io.cucumber.testng.PickleWrapper,io.cucumber.testng.FeatureWrapper)[pri:0, instance:BDD.Cucumber.TestRunner@6cd28fa7]" started-at="2023-08-09T17:55:56 IST" name="runScenario" description="Runs Cucumber Scenarios" data-provider="scenarios" finished-at="2023-08-09T17:56:14 IST" duration-ms="18263" status="PASS">
          <params>
            <param index="0">
              <value>
                <![CDATA["User should not login with invalid credentials"]]>
              </value>
            </param>
            <param index="1">
              <value>
                <![CDATA["Login feature file for test case"]]>
              </value>
            </param>
          </params>
          <reporter-output>
          </reporter-output>
        </test-method> <!-- runScenario -->
        <test-method is-config="true" signature="tearDownClass()[pri:0, instance:BDD.Cucumber.TestRunner@6cd28fa7]" started-at="2023-08-09T17:56:14 IST" name="tearDownClass" finished-at="2023-08-09T17:56:15 IST" duration-ms="632" status="PASS">
          <reporter-output>
          </reporter-output>
        </test-method> <!-- tearDownClass -->
      </class> <!-- BDD.Cucumber.TestRunner -->
    </test> <!-- Surefire test -->
  </suite> <!-- Surefire suite -->
</testng-results>
