<?xml version="1.0" encoding="UTF-8"?>
<testng-results ignored="0" total="1" passed="1" failed="0" skipped="0">
  <reporter-output>
  </reporter-output>
  <suite started-at="2023-08-19T23:27:17 IST" name="Default suite" finished-at="2023-08-19T23:27:41 IST" duration-ms="24023">
    <groups>
      <group name="cucumber">
        <method signature="AbstractTestNGCucumberTests.runScenario(io.cucumber.testng.PickleWrapper,io.cucumber.testng.FeatureWrapper)[pri:0, instance:BDD.Cucumber.TestRunner@239a307b]" name="runScenario" class="io.cucumber.testng.AbstractTestNGCucumberTests"/>
      </group> <!-- cucumber -->
    </groups>
    <test started-at="2023-08-19T23:27:17 IST" name="Default test" finished-at="2023-08-19T23:27:41 IST" duration-ms="24023">
      <class name="BDD.Cucumber.TestRunner">
        <test-method is-config="true" signature="setUpClass(org.testng.ITestContext)[pri:0, instance:BDD.Cucumber.TestRunner@239a307b]" started-at="2023-08-19T23:27:17 IST" name="setUpClass" finished-at="2023-08-19T23:27:18 IST" duration-ms="684" status="PASS">
          <params>
            <param index="0">
              <value>
                <![CDATA[org.testng.TestRunner@5eb0a686]]>
              </value>
            </param>
          </params>
          <reporter-output>
          </reporter-output>
        </test-method> <!-- setUpClass -->
        <test-method signature="runScenario(io.cucumber.testng.PickleWrapper,io.cucumber.testng.FeatureWrapper)[pri:0, instance:BDD.Cucumber.TestRunner@239a307b]" started-at="2023-08-19T23:27:18 IST" name="runScenario" description="Runs Cucumber Scenarios" data-provider="scenarios" finished-at="2023-08-19T23:27:41 IST" duration-ms="23239" status="PASS">
          <params>
            <param index="0">
              <value>
                <![CDATA["User should not login with invalid credentials"]]>
              </value>
            </param>
            <param index="1">
              <value>
                <![CDATA["Login feature file for test case"]]>
              </value>
            </param>
          </params>
          <reporter-output>
          </reporter-output>
        </test-method> <!-- runScenario -->
        <test-method is-config="true" signature="tearDownClass()[pri:0, instance:BDD.Cucumber.TestRunner@239a307b]" started-at="2023-08-19T23:27:41 IST" name="tearDownClass" finished-at="2023-08-19T23:27:41 IST" duration-ms="20" status="PASS">
          <reporter-output>
          </reporter-output>
        </test-method> <!-- tearDownClass -->
      </class> <!-- BDD.Cucumber.TestRunner -->
    </test> <!-- Default test -->
  </suite> <!-- Default suite -->
</testng-results>
